        -:    0:Source:C:/Users/Pepega/CLionProjects/OOP_LAB2/Operands.cpp
        -:    0:Graph:C:\Users\Pepega\CLionProjects\OOP_LAB2\cmake-build-debug-coverage\CMakeFiles\OOP_LAB2.dir\Operands.cpp.gcno
        -:    0:Data:C:\Users\Pepega\CLionProjects\OOP_LAB2\cmake-build-debug-coverage\CMakeFiles\OOP_LAB2.dir\Operands.cpp.gcda
        -:    0:Runs:1
        -:    1:#include "Operands.h"
        -:    2:#include <stdexcept>
        -:    3:
function _ZN8Operands9GetAndPopEv called 112 returned 99% blocks executed 91%
      112:    4:int Operands::GetAndPop() {
      112:    5:    if(operands_.empty()){
      112:    5-block  0
call    0 returned 112
branch  1 taken 1 (fallthrough)
branch  2 taken 111
        1:    6:        throw std::underflow_error("Stack underflow!");
        1:    6-block  0
call    0 returned 1
call    1 returned 1
branch  2 taken 1 (fallthrough)
branch  3 taken 0 (throw)
        1:    6-block  1
call    4 returned 0
    $$$$$:    6-block  2
call    5 never executed
        -:    7:    }
      111:    8:    int operand = operands_.top();
      111:    8-block  0
call    0 returned 111
      111:    9:    operands_.pop();
call    0 returned 111
      111:   10:    return operand;
      111:   10-block  0
        -:   11:}
        -:   12:
function _ZN8Operands3TopEv called 37 returned 97% blocks executed 90%
       37:   13:int Operands::Top() {
       37:   14:    if(operands_.empty()){
       37:   14-block  0
call    0 returned 37
branch  1 taken 1 (fallthrough)
branch  2 taken 36
        1:   15:        throw std::underflow_error("Stack underflow!");
        1:   15-block  0
call    0 returned 1
call    1 returned 1
branch  2 taken 1 (fallthrough)
branch  3 taken 0 (throw)
        1:   15-block  1
call    4 returned 0
    $$$$$:   15-block  2
call    5 never executed
        -:   16:    }
       36:   17:    return operands_.top();
       36:   17-block  0
call    0 returned 36
       36:   17-block  1
        -:   18:}
function _ZN8Operands4PushEi called 276 returned 100% blocks executed 100%
      276:   19:void Operands::Push(int operand) {
      276:   20:    operands_.push(operand);
      276:   20-block  0
call    0 returned 276
      276:   21:}
