        -:    0:Source:C:/Users/Pepega/CLionProjects/OOP_LAB2/Factory.h
        -:    0:Graph:C:\Users\Pepega\CLionProjects\OOP_LAB2\cmake-build-debug-coverage\CMakeFiles\OOP_LAB2.dir\StringOutput.cpp.gcno
        -:    0:Data:C:\Users\Pepega\CLionProjects\OOP_LAB2\cmake-build-debug-coverage\CMakeFiles\OOP_LAB2.dir\StringOutput.cpp.gcda
        -:    0:Runs:1
        -:    1:#pragma once
        -:    2:#include <map>
        -:    3:#include <assert.h>
        -:    4:#include "Command.h"
        -:    5:
        -:    6:template<class Product, class Id, class Creator>
        -:    7:class Factory {
        -:    8:public:
function _ZN7FactoryI7CommandNSt7__cxx1112basic_stringIcSt11char_traitsIcESaIcEEEPFPS0_vEE11getInstanceEv called 0 returned 0% blocks executed 0%
    #####:    9:    static Factory* getInstance() {
    #####:   10:        static Factory f;
    %%%%%:   10-block  0
branch  0 never executed
branch  1 never executed
    %%%%%:   10-block  1
call    2 never executed
branch  3 never executed
branch  4 never executed
    %%%%%:   10-block  2
call    5 never executed
call    6 never executed
call    7 never executed
    #####:   11:        return &f;
    %%%%%:   11-block  0
        -:   12:    }
        -:   13:
        -:   14:    Product* createProductByName(const Id& name) {
        -:   15:        auto creator  = creators_.at(name);
        -:   16:        return creator();
        -:   17:    }
        -:   18:
        -:   19:    bool regist3r(const Id& name, Creator creator) {
        -:   20:        assert(creator);
        -:   21:
        -:   22:        if(isRegist3red(name)) {
        -:   23:            return false;
        -:   24:        }
        -:   25:        creators_[name] = creator;
        -:   26:        return true;
        -:   27:    }
        -:   28:
        -:   29:    bool isRegist3red(const Id& name) {
        -:   30:        return creators_.find(name) != creators_.end();
        -:   31:    }
        -:   32:
function _ZN7FactoryI7CommandNSt7__cxx1112basic_stringIcSt11char_traitsIcESaIcEEEPFPS0_vEE23isComplexFuncRegist3redERKS6_ called 0 returned 0% blocks executed 0%
    #####:   33:    bool isComplexFuncRegist3red(const Id& name) {
    #####:   34:        return complexCreators_.find(name) != complexCreators_.end();
    %%%%%:   34-block  0
call    0 never executed
call    1 never executed
branch  2 never executed
branch  3 never executed
    %%%%%:   34-block  1
call    4 never executed
    %%%%%:   34-block  2
        -:   35:    }
        -:   36:
function _ZN7FactoryI7CommandNSt7__cxx1112basic_stringIcSt11char_traitsIcESaIcEEEPFPS0_vEE19complexFuncRegist3rERKS6_S9_ called 0 returned 0% blocks executed 0%
    #####:   37:    bool complexFuncRegist3r(const Id& name, Creator creator) {
    #####:   38:        assert(creator);
    %%%%%:   38-block  0
branch  0 never executed
branch  1 never executed
    %%%%%:   38-block  1
call    2 never executed
        -:   39:
    #####:   40:        if(isComplexFuncRegist3red(name)) {
    %%%%%:   40-block  0
call    0 never executed
branch  1 never executed
branch  2 never executed
    #####:   41:            return false;
    %%%%%:   41-block  0
        -:   42:        }
    #####:   43:        creators_[name] = creator;
    %%%%%:   43-block  0
call    0 never executed
    #####:   44:        complexCreators_[name] = creator;
call    0 never executed
    #####:   45:        return true;
        -:   46:    }
        -:   47:private:
function _ZN7FactoryI7CommandNSt7__cxx1112basic_stringIcSt11char_traitsIcESaIcEEEPFPS0_vEEC1Ev called 0 returned 0% blocks executed 0%
    #####:   48:    Factory() = default;
    %%%%%:   48-block  0
call    0 never executed
call    1 never executed
        -:   49:
        -:   50:    std::map<Id, Creator> creators_;
        -:   51:    std::map<Id, Creator> complexCreators_;
        -:   52:};
