        -:    0:Source:C:/Users/Pepega/CLionProjects/OOP_LAB2/Sub.cpp
        -:    0:Graph:C:\Users\Pepega\CLionProjects\OOP_LAB2\cmake-build-debug-coverage\CMakeFiles\OOP_LAB2.dir\Sub.cpp.gcno
        -:    0:Data:C:\Users\Pepega\CLionProjects\OOP_LAB2\cmake-build-debug-coverage\CMakeFiles\OOP_LAB2.dir\Sub.cpp.gcda
        -:    0:Runs:1
        -:    1:#include "Sub.h"
        -:    2:#include "FactoryInitializer.h"
        -:    3:
function _ZN3Sub7ExecuteER8OperandsR6TokensRNSt7__cxx1112basic_stringIcSt11char_traitsIcESaIcEEER6Reader called 1 returned 100% blocks executed 100%
        1:    4:void Sub::Execute(Operands& operands, Tokens& tokens, std::string& output, Reader& reader) {
        1:    5:    int operand1 = operands.GetAndPop();
        1:    5-block  0
call    0 returned 1
        1:    6:    int operand2 = operands.GetAndPop();
call    0 returned 1
        -:    7:
        1:    8:    operands.Push(operand2 - operand1);
call    0 returned 1
        -:    9:
        1:   10:}
        -:   11:
        -:   12:namespace {
        -:   13:    FactoryInitializer<Sub> Registration("-");
        -:   14:}
