        -:    0:Source:C:/Users/Pepega/CLionProjects/OOP_LAB2/Div.cpp
        -:    0:Graph:C:\Users\Pepega\CLionProjects\OOP_LAB2\cmake-build-debug-coverage\CMakeFiles\OOP_LAB2.dir\Div.cpp.gcno
        -:    0:Data:C:\Users\Pepega\CLionProjects\OOP_LAB2\cmake-build-debug-coverage\CMakeFiles\OOP_LAB2.dir\Div.cpp.gcda
        -:    0:Runs:1
        -:    1:#include <stdexcept>
        -:    2:#include "FactoryInitializer.h"
        -:    3:#include "Div.h"
        -:    4:
function _ZN3Div7ExecuteER8OperandsR6TokensRNSt7__cxx1112basic_stringIcSt11char_traitsIcESaIcEEER6Reader called 5 returned 60% blocks executed 90%
        5:    5:void Div::Execute(Operands& operands, Tokens& tokens, std::string& output, Reader& reader) {
        5:    6:    int operand1 = operands.GetAndPop();
        5:    6-block  0
call    0 returned 5
        5:    7:    int operand2 = operands.GetAndPop();
call    0 returned 4
        -:    8:
        4:    9:    if(operand1 == 0) {
branch  0 taken 1 (fallthrough)
branch  1 taken 3
        1:   10:        throw std::runtime_error("Error: division by zero");
        1:   10-block  0
call    0 returned 1
call    1 returned 1
branch  2 taken 1 (fallthrough)
branch  3 taken 0 (throw)
        1:   10-block  1
call    4 returned 0
    $$$$$:   10-block  2
call    5 never executed
        -:   11:    }
        -:   12:
        3:   13:    operands.Push(operand2 / operand1);
        3:   13-block  0
call    0 returned 3
        -:   14:
        3:   15:}
        -:   16:
        -:   17:namespace {
        -:   18:    FactoryInitializer<Div> Registration("/");
        -:   19:}
