        -:    0:Source:C:/Users/Pepega/CLionProjects/OOP_LAB2/FactoryInitializer.h
        -:    0:Graph:C:\Users\Pepega\CLionProjects\OOP_LAB2\cmake-build-debug-coverage\CMakeFiles\OOP_LAB2.dir\Dot.cpp.gcno
        -:    0:Data:C:\Users\Pepega\CLionProjects\OOP_LAB2\cmake-build-debug-coverage\CMakeFiles\OOP_LAB2.dir\Dot.cpp.gcda
        -:    0:Runs:1
        -:    1:#pragma once
        -:    2:
        -:    3:#include "Factory.h"
        -:    4:#include "Command.h"
        -:    5:
        -:    6:template<class ExactCommand>
        -:    7:class FactoryInitializer{
        -:    8:public:
function _ZN18FactoryInitializerI3DotEC1ERKNSt7__cxx1112basic_stringIcSt11char_traitsIcESaIcEEE called 1 returned 100% blocks executed 100%
        1:    9:    FactoryInitializer(const std::string& Id) {
        -:   10:        bool x =  Factory<Command, std::string, Command *(*)()>::getInstance()
        1:   11:                ->regist3r(Id, createExactCommand);
        1:   11-block  0
call    0 returned 1
call    1 returned 1
        1:   12:    }
        -:   13:private:
function _ZN18FactoryInitializerI3DotE18createExactCommandEv called 45 returned 100% blocks executed 83%
       45:   14:    static Command *createExactCommand() {
       45:   15:        return new ExactCommand();
       45:   15-block  0
call    0 returned 45
call    1 returned 45
branch  2 taken 45 (fallthrough)
branch  3 taken 0 (throw)
       45:   15-block  1
       45:   15-block  2
    $$$$$:   15-block  3
call    4 never executed
        -:   16:    }
        -:   17:};
