        -:    0:Source:C:/Users/Pepega/CLionProjects/OOP_LAB2/Equal.cpp
        -:    0:Graph:C:\Users\Pepega\CLionProjects\OOP_LAB2\cmake-build-debug-coverage\CMakeFiles\OOP_LAB2.dir\Equal.cpp.gcno
        -:    0:Data:C:\Users\Pepega\CLionProjects\OOP_LAB2\cmake-build-debug-coverage\CMakeFiles\OOP_LAB2.dir\Equal.cpp.gcda
        -:    0:Runs:1
        -:    1:#include "Equal.h"
        -:    2:#include <stdexcept>
        -:    3:#include "FactoryInitializer.h"
        -:    4:
        -:    5:
function _ZN5Equal7ExecuteER8OperandsR6TokensRNSt7__cxx1112basic_stringIcSt11char_traitsIcESaIcEEER6Reader called 1 returned 100% blocks executed 100%
        1:    6:void Equal::Execute(Operands& operands, Tokens& tokens, std::string& output, Reader& reader) {
        1:    7:    int operand1 = operands.GetAndPop();
        1:    7-block  0
call    0 returned 1
        1:    8:    int operand2 = operands.GetAndPop();
call    0 returned 1
        1:    9:    operands.Push(operand2 == operand1);
call    0 returned 1
        -:   10:
        1:   11:}
        -:   12:
        -:   13:namespace {
        -:   14:    FactoryInitializer<Equal> Registration("=");
        -:   15:}
