        -:    0:Source:C:/Users/Pepega/CLionProjects/OOP_LAB2/FactoryComplexFuncInitializer.h
        -:    0:Graph:C:\Users\Pepega\CLionProjects\OOP_LAB2\cmake-build-debug-coverage\CMakeFiles\OOP_LAB2.dir\If.cpp.gcno
        -:    0:Data:C:\Users\Pepega\CLionProjects\OOP_LAB2\cmake-build-debug-coverage\CMakeFiles\OOP_LAB2.dir\If.cpp.gcda
        -:    0:Runs:1
        -:    1:#pragma once
        -:    2:
        -:    3:#include "Factory.h"
        -:    4:#include "Command.h"
        -:    5:
        -:    6:template<class ExactCommand>
        -:    7:class FactoryComplexFuncInitializer{
        -:    8:public:
function _ZN29FactoryComplexFuncInitializerI2IfEC1ERKNSt7__cxx1112basic_stringIcSt11char_traitsIcESaIcEEE called 1 returned 100% blocks executed 100%
        1:    9:    FactoryComplexFuncInitializer(const std::string& Id) {
        -:   10:        bool x =  Factory<Command, std::string, Command *(*)()>::getInstance()
        1:   11:                ->complexFuncRegist3r(Id, createExactCommand);
        1:   11-block  0
call    0 returned 1
call    1 returned 1
        1:   12:    }
        -:   13:private:
function _ZN29FactoryComplexFuncInitializerI2IfE18createExactCommandEv called 48 returned 100% blocks executed 83%
       48:   14:    static Command *createExactCommand() {
       48:   15:        return new ExactCommand();
       48:   15-block  0
call    0 returned 48
call    1 returned 48
branch  2 taken 48 (fallthrough)
branch  3 taken 0 (throw)
       48:   15-block  1
       48:   15-block  2
    $$$$$:   15-block  3
call    4 never executed
        -:   16:    }
        -:   17:};
