        -:    0:Source:C:/Users/Pepega/CLionProjects/OOP_LAB2/Less.cpp
        -:    0:Graph:C:\Users\Pepega\CLionProjects\OOP_LAB2\cmake-build-debug-coverage\CMakeFiles\OOP_LAB2.dir\Less.cpp.gcno
        -:    0:Data:C:\Users\Pepega\CLionProjects\OOP_LAB2\cmake-build-debug-coverage\CMakeFiles\OOP_LAB2.dir\Less.cpp.gcda
        -:    0:Runs:1
        -:    1:#include "Less.h"
        -:    2:#include "FactoryInitializer.h"
        -:    3:
        -:    4:
function _ZN4Less7ExecuteER8OperandsR6TokensRNSt7__cxx1112basic_stringIcSt11char_traitsIcESaIcEEER6Reader called 1 returned 100% blocks executed 100%
        1:    5:void Less::Execute(Operands& operands, Tokens& tokens, std::string& output, Reader& reader) {
        1:    6:    int operand1 = operands.GetAndPop();
        1:    6-block  0
call    0 returned 1
        1:    7:    int operand2 = operands.GetAndPop();
call    0 returned 1
        1:    8:    operands.Push(operand2 < operand1);
call    0 returned 1
        -:    9:
        1:   10:}
        -:   11:
        -:   12:namespace {
        -:   13:    FactoryInitializer<Less> Registration("<");
        -:   14:}
