        -:    0:Source:C:/Users/Pepega/CLionProjects/OOP_LAB2/Mod.cpp
        -:    0:Graph:C:\Users\Pepega\CLionProjects\OOP_LAB2\cmake-build-debug-coverage\CMakeFiles\OOP_LAB2.dir\Mod.cpp.gcno
        -:    0:Data:C:\Users\Pepega\CLionProjects\OOP_LAB2\cmake-build-debug-coverage\CMakeFiles\OOP_LAB2.dir\Mod.cpp.gcda
        -:    0:Runs:1
        -:    1:#include "FactoryInitializer.h"
        -:    2:#include "Mod.h"
        -:    3:
function _ZN3Mod7ExecuteER8OperandsR6TokensRNSt7__cxx1112basic_stringIcSt11char_traitsIcESaIcEEER6Reader called 1 returned 100% blocks executed 100%
        1:    4:void Mod::Execute(Operands& operands, Tokens& tokens, std::string& output, Reader& reader) {
        1:    5:    int operand1 = operands.GetAndPop();
        1:    5-block  0
call    0 returned 1
        1:    6:    int operand2 = operands.Top();
call    0 returned 1
        -:    7:
        1:    8:    operands.Push(operand1);
call    0 returned 1
        -:    9:
        1:   10:    operands.Push(operand2 % operand1);
call    0 returned 1
        1:   11:}
        -:   12:namespace {
        -:   13:    FactoryInitializer<Mod> Registration("mod");
        -:   14:}
