        -:    0:Source:C:/Users/Pepega/CLionProjects/OOP_LAB2/Over.cpp
        -:    0:Graph:C:\Users\Pepega\CLionProjects\OOP_LAB2\cmake-build-debug-coverage\CMakeFiles\OOP_LAB2.dir\Over.cpp.gcno
        -:    0:Data:C:\Users\Pepega\CLionProjects\OOP_LAB2\cmake-build-debug-coverage\CMakeFiles\OOP_LAB2.dir\Over.cpp.gcda
        -:    0:Runs:1
        -:    1:#include "Over.h"
        -:    2:#include "FactoryInitializer.h"
        -:    3:
function _ZN4Over7ExecuteER8OperandsR6TokensRNSt7__cxx1112basic_stringIcSt11char_traitsIcESaIcEEER6Reader called 1 returned 100% blocks executed 100%
        1:    4:void Over::Execute(Operands& operands, Tokens& tokens, std::string& output, Reader& reader) {
        1:    5:    int operand1 = operands.GetAndPop();
        1:    5-block  0
call    0 returned 1
        1:    6:    int operand2 = operands.Top();
call    0 returned 1
        -:    7:
        1:    8:    operands.Push(operand1);
call    0 returned 1
        1:    9:    operands.Push(operand2);
call    0 returned 1
        -:   10:
        1:   11:}
        -:   12:
        -:   13:namespace {
        -:   14:    FactoryInitializer<Over> Registration("over");
        -:   15:}
