        -:    0:Source:C:/Users/Pepega/CLionProjects/OOP_LAB2/Rot.cpp
        -:    0:Graph:C:\Users\Pepega\CLionProjects\OOP_LAB2\cmake-build-debug-coverage\CMakeFiles\OOP_LAB2.dir\Rot.cpp.gcno
        -:    0:Data:C:\Users\Pepega\CLionProjects\OOP_LAB2\cmake-build-debug-coverage\CMakeFiles\OOP_LAB2.dir\Rot.cpp.gcda
        -:    0:Runs:1
        -:    1:#include "Rot.h"
        -:    2:#include "FactoryInitializer.h"
        -:    3:
function _ZN3Rot7ExecuteER8OperandsR6TokensRNSt7__cxx1112basic_stringIcSt11char_traitsIcESaIcEEER6Reader called 1 returned 100% blocks executed 100%
        1:    4:void Rot::Execute(Operands& operands, Tokens& tokens, std::string& output, Reader& reader) {
        1:    5:    int operand1 = operands.GetAndPop();
        1:    5-block  0
call    0 returned 1
        1:    6:    int operand2 = operands.GetAndPop();
call    0 returned 1
        1:    7:    int operand3 = operands.GetAndPop();
call    0 returned 1
        -:    8:
        1:    9:    operands.Push(operand2);
call    0 returned 1
        1:   10:    operands.Push(operand3);
call    0 returned 1
        1:   11:    operands.Push(operand1);
call    0 returned 1
        -:   12:
        1:   13:}
        -:   14:
        -:   15:namespace {
        -:   16:    FactoryInitializer<Rot> Registration("rot");
        -:   17:}
